[INFO][main.go:109]2019/08/14 08:23:09 [Started server
]
[INFO][main.go:110]2019/08/14 08:23:09 [test hello]
[INFO][main.go:109]2019/08/14 08:25:48 [Started server
]
[INFO][main.go:111]2019/08/14 08:27:27 [Started server
]
[INFO][main.go:111]2019/08/14 08:31:37 [Started server
]
[INFO][main.go:111]2019/08/14 08:31:58 [Started server
]
[INFO][main.go:111]2019/08/14 08:32:57 [Started server
]
[INFO][main.go:111]2019/08/14 08:33:22 [Started server
]
[INFO][main.go:111]2019/08/14 08:35:13 [Started server
]
[INFO][main.go:111]2019/08/14 08:35:26 [Started server
]
[INFO][main.go:111]2019/08/14 08:38:14 [Started server
]
[INFO][main.go:111]2019/08/14 08:39:07 [Started server
]
[INFO][main.go:111]2019/08/14 08:40:46 [Started server.....]
[INFO][main.go:111]2019/08/14 08:41:47 [Started server.....]
[INFO][main.go:111]2019/08/14 08:50:11 [Started server.....]
[INFO][main.go:111]2019/08/14 09:26:10 [Started server.....]
[INFO][main.go:111]2019/08/14 09:28:21 [Started server.....]
[INFO][main.go:111]2019/08/14 09:28:43 [Started server.....]
[INFO][main.go:111]2019/08/14 09:29:05 [Started server.....]
[INFO][main.go:111]2019/08/14 09:29:22 [Started server.....]
[INFO][main.go:111]2019/08/14 09:29:59 [Started server.....]
[INFO][main.go:112]2019/08/14 09:32:00 [Started server.....]
[INFO][main.go:112]2019/08/14 09:33:01 [Started server.....]
[INFO][main.go:112]2019/08/14 09:33:35 [Started server.....]
[INFO][main.go:112]2019/08/14 09:36:54 [Started server.....]
[INFO][main.go:112]2019/08/14 09:37:24 [Started server.....]
[INFO][main.go:112]2019/08/14 09:38:12 [Started server.....]
[INFO][main.go:112]2019/08/14 09:38:57 [Started server.....]
[INFO][main.go:112]2019/08/14 09:39:42 [Started server.....]
[INFO][main.go:110]2019/08/14 13:02:30 [Started server.....]
[INFO][main.go:110]2019/08/14 13:02:58 [Started server.....]
[INFO][main.go:110]2019/08/14 13:06:27 [Started server.....]
[INFO][main.go:110]2019/08/14 13:12:09 [Started server.....]
[INFO][main.go:110]2019/08/14 13:12:56 [Started server.....]
[WARN][main.go:111]2019/08/14 13:12:56 [warning here]
[INFO][main.go:110]2019/08/14 13:13:31 [Started server.....]
[WARN][main.go:111]2019/08/14 13:13:31 [warning here]
[INFO][main.go:110]2019/08/14 13:14:27 [Started server.....]
[WARN][main.go:111]2019/08/14 13:14:27 [warning here]
[INFO][main.go:110]2019/08/14 13:14:55 [Started server.....]
[WARN][main.go:111]2019/08/14 13:14:55 [warning here]
[INFO][main.go:110]2019/08/14 13:15:47 [Started server.....]
[WARN][main.go:111]2019/08/14 13:15:47 [warning here]
[INFO][main.go:110]2019/08/14 14:13:07 [Started server.....]
[WARN][main.go:111]2019/08/14 14:13:07 [WARN]:%s [warning here]
[INFO][main.go:110]2019/08/14 14:13:27 [Started server.....]
[WARN][main.go:111]2019/08/14 14:13:27 [warning here]
[INFO][main.go:110]2019/08/14 14:13:59 [Started server.....]
[WARN][main.go:111]2019/08/14 14:13:59 [warning here]
